<?xml version="1.0" encoding="UTF-8"?>
<!-- Generated by org.testng.reporters.JUnitXMLReporter -->
<testsuite ignored="0" hostname="DESKTOP-51I7M0A" failures="0" tests="3" name="Default test" time="28.538" errors="0" timestamp="2020-10-18T05:37:45 EDT">
  <testcase classname="apiAutomationsample.ApiTestparameterize" name="place" time="11.814"/>
  <testcase classname="apiAutomationsample.ApiTestparameterize" name="place" time="8.671"/>
  <testcase classname="apiAutomationsample.ApiTestparameterize" name="place" time="7.976"/>
</testsuite> <!-- Default test -->
