<?xml version="1.0" encoding="UTF-8"?>
<testng-results ignored="0" total="3" passed="3" failed="0" skipped="0">
  <reporter-output>
  </reporter-output>
  <suite started-at="2020-10-18T05:37:16 EDT" name="Default suite" finished-at="2020-10-18T05:37:45 EDT" duration-ms="28538">
    <groups>
    </groups>
    <test started-at="2020-10-18T05:37:16 EDT" name="Default test" finished-at="2020-10-18T05:37:45 EDT" duration-ms="28538">
      <class name="apiAutomationsample.ApiTestparameterize">
        <test-method signature="place(java.lang.String, java.lang.String, java.lang.String)[pri:0, instance:apiAutomationsample.ApiTestparameterize@2177849e]" started-at="2020-10-18T05:37:16 EDT" name="place" data-provider="placeupdate" finished-at="2020-10-18T05:37:28 EDT" duration-ms="11814" status="PASS">
          <params>
            <param index="0">
              <value>
                <![CDATA[Frontline house]]>
              </value>
            </param>
            <param index="1">
              <value>
                <![CDATA[123 sample street]]>
              </value>
            </param>
            <param index="2">
              <value>
                <![CDATA[123 new address]]>
              </value>
            </param>
          </params>
          <reporter-output>
          </reporter-output>
        </test-method> <!-- place -->
        <test-method signature="place(java.lang.String, java.lang.String, java.lang.String)[pri:0, instance:apiAutomationsample.ApiTestparameterize@2177849e]" started-at="2020-10-18T05:37:28 EDT" name="place" data-provider="placeupdate" finished-at="2020-10-18T05:37:37 EDT" duration-ms="8671" status="PASS">
          <params>
            <param index="0">
              <value>
                <![CDATA[secondline house]]>
              </value>
            </param>
            <param index="1">
              <value>
                <![CDATA[234 new street]]>
              </value>
            </param>
            <param index="2">
              <value>
                <![CDATA[234 new address]]>
              </value>
            </param>
          </params>
          <reporter-output>
          </reporter-output>
        </test-method> <!-- place -->
        <test-method signature="place(java.lang.String, java.lang.String, java.lang.String)[pri:0, instance:apiAutomationsample.ApiTestparameterize@2177849e]" started-at="2020-10-18T05:37:37 EDT" name="place" data-provider="placeupdate" finished-at="2020-10-18T05:37:45 EDT" duration-ms="7976" status="PASS">
          <params>
            <param index="0">
              <value>
                <![CDATA[thirdline house]]>
              </value>
            </param>
            <param index="1">
              <value>
                <![CDATA[456 new street]]>
              </value>
            </param>
            <param index="2">
              <value>
                <![CDATA[456 new address]]>
              </value>
            </param>
          </params>
          <reporter-output>
          </reporter-output>
        </test-method> <!-- place -->
      </class> <!-- apiAutomationsample.ApiTestparameterize -->
    </test> <!-- Default test -->
  </suite> <!-- Default suite -->
</testng-results>
