-------------------------------------------------------------------------------
Test set: TestSuite
-------------------------------------------------------------------------------
Tests run: 4, Failures: 2, Errors: 0, Skipped: 0, Time elapsed: 26.331 s <<< FAILURE! - in TestSuite
testCases.GetTextname_4kstick.clickgettext  Time elapsed: 8.978 s  <<< FAILURE!
java.lang.AssertionError: expected [See more Best Sellers in Toys & Games12] but found [Toys & Games]
	at testCases.GetTextname_4kstick.clickgettext(GetTextname_4kstick.java:35)

com.personal.test.AppTest.ArrayList_localtime  Time elapsed: 0.218 s  <<< FAILURE!
java.lang.AssertionError: expected [20] but found [10]
	at com.personal.test.AppTest.ArrayList_localtime(AppTest.java:41)

